INFO | 2022-01-28 11:54:29,203 | MainProcess | Hostname = www.google.com
INFO | 2022-01-28 11:54:29,296 | MainProcess | None
INFO | 2022-01-28 11:56:02,813 | MainProcess | Hostname = www.google.com
INFO | 2022-01-28 11:56:02,891 | MainProcess | ###[ IP ]### 
  version   = 4
  ihl       = 5
  tos       = 0x0
  len       = 76
  id        = 61069
  flags     = 
  frag      = 0
  ttl       = 104
  proto     = udp
  chksum    = 0xe38f
  src       = 8.8.8.8
  dst       = 10.100.102.16
  \options   \
###[ UDP ]### 
     sport     = domain
     dport     = domain
     len       = 56
     chksum    = 0xfbdb
###[ DNS ]### 
        id        = 0
        qr        = 1
        opcode    = QUERY
        aa        = 0
        tc        = 0
        rd        = 1
        ra        = 1
        z         = 0
        ad        = 0
        cd        = 0
        rcode     = ok
        qdcount   = 1
        ancount   = 1
        nscount   = 0
        arcount   = 0
        \qd        \
         |###[ DNS Question Record ]### 
         |  qname     = 'www.google.com.'
         |  qtype     = A
         |  qclass    = IN
        \an        \
         |###[ DNS Resource Record ]### 
         |  rrname    = 'www.google.com.'
         |  type      = A
         |  rclass    = IN
         |  ttl       = 89
         |  rdlen     = None
         |  rdata     = 142.251.36.36
        ns        = None
        ar        = None

INFO | 2022-01-28 12:02:53,924 | MainProcess | Hostname = www.facebook.com
INFO | 2022-01-28 12:02:54,017 | MainProcess | ###[ IP ]### 
  version   = 4
  ihl       = 5
  tos       = 0x0
  len       = 107
  id        = 26856
  flags     = 
  frag      = 0
  ttl       = 119
  proto     = udp
  chksum    = 0x5a16
  src       = 8.8.8.8
  dst       = 10.100.102.16
  \options   \
###[ UDP ]### 
     sport     = domain
     dport     = domain
     len       = 87
     chksum    = 0x3211
###[ DNS ]### 
        id        = 0
        qr        = 1
        opcode    = QUERY
        aa        = 0
        tc        = 0
        rd        = 1
        ra        = 1
        z         = 0
        ad        = 0
        cd        = 0
        rcode     = ok
        qdcount   = 1
        ancount   = 2
        nscount   = 0
        arcount   = 0
        \qd        \
         |###[ DNS Question Record ]### 
         |  qname     = 'www.facebook.com.'
         |  qtype     = A
         |  qclass    = IN
        \an        \
         |###[ DNS Resource Record ]### 
         |  rrname    = 'www.facebook.com.'
         |  type      = CNAME
         |  rclass    = IN
         |  ttl       = 3127
         |  rdlen     = None
         |  rdata     = 'star-mini.c10r.facebook.com.'
         |###[ DNS Resource Record ]### 
         |  rrname    = 'star-mini.c10r.facebook.com.'
         |  type      = A
         |  rclass    = IN
         |  ttl       = 60
         |  rdlen     = None
         |  rdata     = 157.240.221.35
        ns        = None
        ar        = None

INFO | 2022-01-28 12:02:54,017 | MainProcess | The IP address of www.facebook.com is 157.240.221.35
INFO | 2022-01-28 12:03:13,097 | MainProcess | Hostname = www.facebook.com
INFO | 2022-01-28 12:03:13,171 | MainProcess | ###[ IP ]### 
  version   = 4
  ihl       = 5
  tos       = 0x0
  len       = 107
  id        = 7606
  flags     = 
  frag      = 0
  ttl       = 119
  proto     = udp
  chksum    = 0xa548
  src       = 8.8.8.8
  dst       = 10.100.102.16
  \options   \
###[ UDP ]### 
     sport     = domain
     dport     = domain
     len       = 87
     chksum    = 0x4524
###[ DNS ]### 
        id        = 0
        qr        = 1
        opcode    = QUERY
        aa        = 0
        tc        = 0
        rd        = 1
        ra        = 1
        z         = 0
        ad        = 0
        cd        = 0
        rcode     = ok
        qdcount   = 1
        ancount   = 2
        nscount   = 0
        arcount   = 0
        \qd        \
         |###[ DNS Question Record ]### 
         |  qname     = 'www.facebook.com.'
         |  qtype     = A
         |  qclass    = IN
        \an        \
         |###[ DNS Resource Record ]### 
         |  rrname    = 'www.facebook.com.'
         |  type      = CNAME
         |  rclass    = IN
         |  ttl       = 3108
         |  rdlen     = None
         |  rdata     = 'star-mini.c10r.facebook.com.'
         |###[ DNS Resource Record ]### 
         |  rrname    = 'star-mini.c10r.facebook.com.'
         |  type      = A
         |  rclass    = IN
         |  ttl       = 41
         |  rdlen     = None
         |  rdata     = 157.240.221.35
        ns        = None
        ar        = None

INFO | 2022-01-28 12:03:13,171 | MainProcess | The IP address of www.facebook.com is 157.240.221.35
INFO | 2022-01-28 12:03:28,159 | MainProcess | Hostname = www.facebook.com
INFO | 2022-01-28 12:03:28,253 | MainProcess | ###[ IP ]### 
  version   = 4
  ihl       = 5
  tos       = 0x0
  len       = 107
  id        = 41780
  flags     = 
  frag      = 0
  ttl       = 119
  proto     = udp
  chksum    = 0x1fca
  src       = 8.8.8.8
  dst       = 10.100.102.16
  \options   \
###[ UDP ]### 
     sport     = domain
     dport     = domain
     len       = 87
     chksum    = 0x37e5
###[ DNS ]### 
        id        = 0
        qr        = 1
        opcode    = QUERY
        aa        = 0
        tc        = 0
        rd        = 1
        ra        = 1
        z         = 0
        ad        = 0
        cd        = 0
        rcode     = ok
        qdcount   = 1
        ancount   = 2
        nscount   = 0
        arcount   = 0
        \qd        \
         |###[ DNS Question Record ]### 
         |  qname     = 'www.facebook.com.'
         |  qtype     = A
         |  qclass    = IN
        \an        \
         |###[ DNS Resource Record ]### 
         |  rrname    = 'www.facebook.com.'
         |  type      = CNAME
         |  rclass    = IN
         |  ttl       = 1635
         |  rdlen     = None
         |  rdata     = 'star-mini.c10r.facebook.com.'
         |###[ DNS Resource Record ]### 
         |  rrname    = 'star-mini.c10r.facebook.com.'
         |  type      = A
         |  rclass    = IN
         |  ttl       = 60
         |  rdlen     = None
         |  rdata     = 157.240.221.35
        ns        = None
        ar        = None

INFO | 2022-01-28 12:03:28,253 | MainProcess | The IP address of www.facebook.com is 157.240.221.35
INFO | 2022-01-28 12:03:34,593 | MainProcess | Hostname = www.facebook.com
INFO | 2022-01-28 12:03:34,687 | MainProcess | ###[ IP ]### 
  version   = 4
  ihl       = 5
  tos       = 0x0
  len       = 107
  id        = 13336
  flags     = 
  frag      = 0
  ttl       = 104
  proto     = udp
  chksum    = 0x9de6
  src       = 8.8.8.8
  dst       = 10.100.102.16
  \options   \
###[ UDP ]### 
     sport     = domain
     dport     = domain
     len       = 87
     chksum    = 0x3deb
###[ DNS ]### 
        id        = 0
        qr        = 1
        opcode    = QUERY
        aa        = 0
        tc        = 0
        rd        = 1
        ra        = 1
        z         = 0
        ad        = 0
        cd        = 0
        rcode     = ok
        qdcount   = 1
        ancount   = 2
        nscount   = 0
        arcount   = 0
        \qd        \
         |###[ DNS Question Record ]### 
         |  qname     = 'www.facebook.com.'
         |  qtype     = A
         |  qclass    = IN
        \an        \
         |###[ DNS Resource Record ]### 
         |  rrname    = 'www.facebook.com.'
         |  type      = CNAME
         |  rclass    = IN
         |  ttl       = 1629
         |  rdlen     = None
         |  rdata     = 'star-mini.c10r.facebook.com.'
         |###[ DNS Resource Record ]### 
         |  rrname    = 'star-mini.c10r.facebook.com.'
         |  type      = A
         |  rclass    = IN
         |  ttl       = 54
         |  rdlen     = None
         |  rdata     = 157.240.221.35
        ns        = None
        ar        = None

INFO | 2022-01-28 12:03:34,687 | MainProcess | The IP address of www.facebook.com is 157.240.221.35
INFO | 2022-01-28 12:03:58,710 | MainProcess | Hostname = www.facebook.com
INFO | 2022-01-28 12:03:58,804 | MainProcess | ###[ IP ]### 
  version   = 4
  ihl       = 5
  tos       = 0x0
  len       = 107
  id        = 29168
  flags     = 
  frag      = 0
  ttl       = 104
  proto     = udp
  chksum    = 0x600e
  src       = 8.8.8.8
  dst       = 10.100.102.16
  \options   \
###[ UDP ]### 
     sport     = domain
     dport     = domain
     len       = 87
     chksum    = 0x38f8
###[ DNS ]### 
        id        = 0
        qr        = 1
        opcode    = QUERY
        aa        = 0
        tc        = 0
        rd        = 1
        ra        = 1
        z         = 0
        ad        = 0
        cd        = 0
        rcode     = ok
        qdcount   = 1
        ancount   = 2
        nscount   = 0
        arcount   = 0
        \qd        \
         |###[ DNS Question Record ]### 
         |  qname     = 'www.facebook.com.'
         |  qtype     = A
         |  qclass    = IN
        \an        \
         |###[ DNS Resource Record ]### 
         |  rrname    = 'www.facebook.com.'
         |  type      = CNAME
         |  rclass    = IN
         |  ttl       = 1360
         |  rdlen     = None
         |  rdata     = 'star-mini.c10r.facebook.com.'
         |###[ DNS Resource Record ]### 
         |  rrname    = 'star-mini.c10r.facebook.com.'
         |  type      = A
         |  rclass    = IN
         |  ttl       = 60
         |  rdlen     = None
         |  rdata     = 157.240.221.35
        ns        = None
        ar        = None

INFO | 2022-01-28 12:03:58,804 | MainProcess | The IP address of www.facebook.com is 157.240.221.35
INFO | 2022-02-04 22:20:12,032 | MainProcess | Hostname = www.facebook.com
INFO | 2022-02-04 22:20:12,143 | MainProcess | ###[ IP ]### 
  version   = 4
  ihl       = 5
  tos       = 0x80
  len       = 107
  id        = 60106
  flags     = 
  frag      = 0
  ttl       = 105
  proto     = udp
  chksum    = 0xe596
  src       = 8.8.8.8
  dst       = 10.100.102.45
  \options   \
###[ UDP ]### 
     sport     = domain
     dport     = domain
     len       = 87
     chksum    = 0x3521
###[ DNS ]### 
        id        = 0
        qr        = 1
        opcode    = QUERY
        aa        = 0
        tc        = 0
        rd        = 1
        ra        = 1
        z         = 0
        ad        = 0
        cd        = 0
        rcode     = ok
        qdcount   = 1
        ancount   = 2
        nscount   = 0
        arcount   = 0
        \qd        \
         |###[ DNS Question Record ]### 
         |  qname     = 'www.facebook.com.'
         |  qtype     = A
         |  qclass    = IN
        \an        \
         |###[ DNS Resource Record ]### 
         |  rrname    = 'www.facebook.com.'
         |  type      = CNAME
         |  rclass    = IN
         |  ttl       = 2314
         |  rdlen     = None
         |  rdata     = 'star-mini.c10r.facebook.com.'
         |###[ DNS Resource Record ]### 
         |  rrname    = 'star-mini.c10r.facebook.com.'
         |  type      = A
         |  rclass    = IN
         |  ttl       = 60
         |  rdlen     = None
         |  rdata     = 157.240.221.35
        ns        = None
        ar        = None

INFO | 2022-02-04 22:20:12,143 | MainProcess | The IP address of www.facebook.com is 157.240.221.35
INFO | 2022-02-04 22:28:49,745 | MainProcess | Hostname = www.facebook.com
INFO | 2022-02-04 22:28:49,826 | MainProcess | ###[ IP ]### 
  version   = 4
  ihl       = 5
  tos       = 0x80
  len       = 107
  id        = 14995
  flags     = 
  frag      = 0
  ttl       = 113
  proto     = udp
  chksum    = 0x8dce
  src       = 8.8.8.8
  dst       = 10.100.102.45
  \options   \
###[ UDP ]### 
     sport     = domain
     dport     = domain
     len       = 87
     chksum    = 0x6872
###[ DNS ]### 
        id        = 0
        qr        = 1
        opcode    = QUERY
        aa        = 0
        tc        = 0
        rd        = 1
        ra        = 1
        z         = 0
        ad        = 0
        cd        = 0
        rcode     = ok
        qdcount   = 1
        ancount   = 2
        nscount   = 0
        arcount   = 0
        \qd        \
         |###[ DNS Question Record ]### 
         |  qname     = 'www.facebook.com.'
         |  qtype     = A
         |  qclass    = IN
        \an        \
         |###[ DNS Resource Record ]### 
         |  rrname    = 'www.facebook.com.'
         |  type      = CNAME
         |  rclass    = IN
         |  ttl       = 2982
         |  rdlen     = None
         |  rdata     = 'star-mini.c10r.facebook.com.'
         |###[ DNS Resource Record ]### 
         |  rrname    = 'star-mini.c10r.facebook.com.'
         |  type      = A
         |  rclass    = IN
         |  ttl       = 6
         |  rdlen     = None
         |  rdata     = 157.240.240.35
        ns        = None
        ar        = None

INFO | 2022-02-04 22:28:49,826 | MainProcess | The IP address of www.facebook.com is 157.240.240.35
INFO | 2022-02-05 20:26:45,975 | MainProcess | Hostname = www.google.com
INFO | 2022-02-05 20:26:46,053 | MainProcess | ###[ IP ]### 
  version   = 4
  ihl       = 5
  tos       = 0x80
  len       = 76
  id        = 62369
  flags     = 
  frag      = 0
  ttl       = 105
  proto     = udp
  chksum    = 0xdcde
  src       = 8.8.8.8
  dst       = 10.100.102.45
  \options   \
###[ UDP ]### 
     sport     = domain
     dport     = domain
     len       = 56
     chksum    = 0x65e6
###[ DNS ]### 
        id        = 0
        qr        = 1
        opcode    = QUERY
        aa        = 0
        tc        = 0
        rd        = 1
        ra        = 1
        z         = 0
        ad        = 0
        cd        = 0
        rcode     = ok
        qdcount   = 1
        ancount   = 1
        nscount   = 0
        arcount   = 0
        \qd        \
         |###[ DNS Question Record ]### 
         |  qname     = 'www.google.com.'
         |  qtype     = A
         |  qclass    = IN
        \an        \
         |###[ DNS Resource Record ]### 
         |  rrname    = 'www.google.com.'
         |  type      = A
         |  rclass    = IN
         |  ttl       = 178
         |  rdlen     = None
         |  rdata     = 142.250.185.164
        ns        = None
        ar        = None

INFO | 2022-02-05 20:26:46,053 | MainProcess | The IP address of www.google.com is 142.250.185.164
INFO | 2022-02-05 20:26:59,287 | MainProcess | Hostname = ww.facebook.com
INFO | 2022-02-05 20:26:59,396 | MainProcess | ###[ IP ]### 
  version   = 4
  ihl       = 5
  tos       = 0x80
  len       = 120
  id        = 64540
  flags     = 
  frag      = 0
  ttl       = 105
  proto     = udp
  chksum    = 0xd437
  src       = 8.8.8.8
  dst       = 10.100.102.45
  \options   \
###[ UDP ]### 
     sport     = domain
     dport     = domain
     len       = 100
     chksum    = 0x51d6
###[ DNS ]### 
        id        = 0
        qr        = 1
        opcode    = QUERY
        aa        = 0
        tc        = 0
        rd        = 1
        ra        = 1
        z         = 0
        ad        = 0
        cd        = 0
        rcode     = ok
        qdcount   = 1
        ancount   = 3
        nscount   = 0
        arcount   = 0
        \qd        \
         |###[ DNS Question Record ]### 
         |  qname     = 'ww.facebook.com.'
         |  qtype     = A
         |  qclass    = IN
        \an        \
         |###[ DNS Resource Record ]### 
         |  rrname    = 'ww.facebook.com.'
         |  type      = CNAME
         |  rclass    = IN
         |  ttl       = 300
         |  rdlen     = None
         |  rdata     = 'star.facebook.com.'
         |###[ DNS Resource Record ]### 
         |  rrname    = 'star.facebook.com.'
         |  type      = CNAME
         |  rclass    = IN
         |  ttl       = 3009
         |  rdlen     = None
         |  rdata     = 'star.c10r.facebook.com.'
         |###[ DNS Resource Record ]### 
         |  rrname    = 'star.c10r.facebook.com.'
         |  type      = A
         |  rclass    = IN
         |  ttl       = 60
         |  rdlen     = None
         |  rdata     = 157.240.221.18
        ns        = None
        ar        = None

INFO | 2022-02-05 20:26:59,396 | MainProcess | The IP address of ww.facebook.com is 157.240.221.18
INFO | 2022-02-05 20:27:10,820 | MainProcess | Hostname = www.facebook.com
INFO | 2022-02-05 20:27:10,898 | MainProcess | ###[ IP ]### 
  version   = 4
  ihl       = 5
  tos       = 0x80
  len       = 107
  id        = 27118
  flags     = 
  frag      = 0
  ttl       = 113
  proto     = udp
  chksum    = 0x5e73
  src       = 8.8.8.8
  dst       = 10.100.102.45
  \options   \
###[ UDP ]### 
     sport     = domain
     dport     = domain
     len       = 87
     chksum    = 0x457c
###[ DNS ]### 
        id        = 0
        qr        = 1
        opcode    = QUERY
        aa        = 0
        tc        = 0
        rd        = 1
        ra        = 1
        z         = 0
        ad        = 0
        cd        = 0
        rcode     = ok
        qdcount   = 1
        ancount   = 2
        nscount   = 0
        arcount   = 0
        \qd        \
         |###[ DNS Question Record ]### 
         |  qname     = 'www.facebook.com.'
         |  qtype     = A
         |  qclass    = IN
        \an        \
         |###[ DNS Resource Record ]### 
         |  rrname    = 'www.facebook.com.'
         |  type      = CNAME
         |  rclass    = IN
         |  ttl       = 2735
         |  rdlen     = None
         |  rdata     = 'star-mini.c10r.facebook.com.'
         |###[ DNS Resource Record ]### 
         |  rrname    = 'star-mini.c10r.facebook.com.'
         |  type      = A
         |  rclass    = IN
         |  ttl       = 42
         |  rdlen     = None
         |  rdata     = 157.240.221.35
        ns        = None
        ar        = None

INFO | 2022-02-05 20:27:10,898 | MainProcess | The IP address of www.facebook.com is 157.240.221.35
