INFO | 2022-02-12 22:12:56,623 | MainProcess | sniffed: h
INFO | 2022-02-12 22:12:58,739 | MainProcess | sniffed: e
INFO | 2022-02-12 22:12:58,857 | MainProcess | sniffed: l
INFO | 2022-02-12 22:12:58,961 | MainProcess | sniffed: l
INFO | 2022-02-12 22:12:59,069 | MainProcess | sniffed: p
INFO | 2022-02-12 22:12:59,286 | MainProcess | sniffed: w
INFO | 2022-02-12 22:12:59,395 | MainProcess | sniffed: o
INFO | 2022-02-12 22:12:59,505 | MainProcess | sniffed: r
INFO | 2022-02-12 22:12:59,619 | MainProcess | sniffed: l
INFO | 2022-02-12 22:12:59,725 | MainProcess | sniffed: d
INFO | 2022-02-12 22:13:00,817 | MainProcess | sniffed: y
INFO | 2022-02-12 22:13:00,926 | MainProcess | sniffed: e
INFO | 2022-02-12 22:13:01,035 | MainProcess | sniffed: a
INFO | 2022-02-12 22:13:01,146 | MainProcess | sniffed: h
INFO | 2022-02-12 22:14:01,119 | MainProcess | sniffed: h
INFO | 2022-02-12 22:14:03,247 | MainProcess | sniffed: e
INFO | 2022-02-12 22:14:04,666 | MainProcess | sniffed: l
INFO | 2022-02-12 22:14:04,748 | MainProcess | sniffed: l
INFO | 2022-02-12 22:14:04,863 | MainProcess | sniffed: p
INFO | 2022-02-12 22:14:04,966 | MainProcess | sniffed:  
INFO | 2022-02-12 22:14:05,076 | MainProcess | sniffed: w
INFO | 2022-02-12 22:14:05,185 | MainProcess | sniffed: o
INFO | 2022-02-12 22:14:05,294 | MainProcess | sniffed: r
INFO | 2022-02-12 22:14:05,404 | MainProcess | sniffed: l
INFO | 2022-02-12 22:14:05,514 | MainProcess | sniffed: d
INFO | 2022-02-12 22:14:05,623 | MainProcess | sniffed:  
INFO | 2022-02-12 22:14:06,609 | MainProcess | sniffed: y
INFO | 2022-02-12 22:14:06,719 | MainProcess | sniffed: e
INFO | 2022-02-12 22:14:06,827 | MainProcess | sniffed: a
INFO | 2022-02-12 22:14:06,937 | MainProcess | sniffed: h
INFO | 2022-02-12 22:14:23,531 | MainProcess | sniffed: y
INFO | 2022-02-12 22:14:23,640 | MainProcess | sniffed: y
INFO | 2022-02-12 22:14:23,751 | MainProcess | sniffed: v
INFO | 2022-02-12 22:14:23,857 | MainProcess | sniffed: v
INFO | 2022-02-12 22:14:23,965 | MainProcess | sniffed: g
INFO | 2022-02-12 22:14:24,080 | MainProcess | sniffed: h
INFO | 2022-02-12 22:14:24,188 | MainProcess | sniffed: k
INFO | 2022-02-12 22:14:24,298 | MainProcess | sniffed: l
INFO | 2022-02-12 22:14:24,407 | MainProcess | sniffed: l
INFO | 2022-02-12 22:14:24,516 | MainProcess | sniffed: i
INFO | 2022-02-12 22:14:24,627 | MainProcess | sniffed: y
